<?xml version="1.0" encoding="UTF-8"?>
<!-- Generated by org.testng.reporters.JUnitReportReporter -->
<testsuite hostname="DESKTOP-G3T8VE9" failures="0" tests="5" name="com.myntra.practice.MinProduct" time="37.693" errors="0" timestamp="2023-02-23T20:57:15 IST" skipped="0">
  <testcase classname="com.myntra.practice.MinProduct" name="moveToKids" time="29.011"/>
  <system-out/>
  <testcase classname="com.myntra.practice.MinProduct" name="getProductCount" time="0.076"/>
  <system-out/>
  <testcase classname="com.myntra.practice.MinProduct" name="ProductList" time="3.863"/>
  <system-out/>
  <testcase classname="com.myntra.practice.MinProduct" name="minPrice" time="3.315"/>
  <system-out/>
  <testcase classname="com.myntra.practice.MinProduct" name="maxPrice" time="1.428"/>
  <system-out/>
</testsuite> <!-- com.myntra.practice.MinProduct -->
